#
# There is insufficient memory for the Java Runtime Environment to continue.
# Native memory allocation (malloc) failed to allocate 32744 bytes for ChunkPool::allocate
# Possible reasons:
#   The system is out of physical RAM or swap space
#   In 32 bit mode, the process size limit was hit
# Possible solutions:
#   Reduce memory load on the system
#   Increase physical memory or swap space
#   Check if swap backing store is full
#   Use 64 bit Java on a 64 bit OS
#   Decrease Java heap size (-Xmx/-Xms)
#   Decrease number of Java threads
#   Decrease Java thread stack sizes (-Xss)
#   Set larger code cache with -XX:ReservedCodeCacheSize=
# This output file may be truncated or incomplete.
#
#  Out of Memory Error (allocation.cpp:273), pid=2232, tid=0x00000000000004f0
#
# JRE version: Java(TM) SE Runtime Environment (8.0_131-b11) (build 1.8.0_131-b11)
# Java VM: Java HotSpot(TM) 64-Bit Server VM (25.131-b11 mixed mode windows-amd64 compressed oops)
# Failed to write core dump. Minidumps are not enabled by default on client versions of Windows
#

---------------  T H R E A D  ---------------

Current thread (0x000000005254e000):  JavaThread "C1 CompilerThread1" daemon [_thread_in_native, id=1264, stack(0x0000000053100000,0x0000000053200000)]

Stack: [0x0000000053100000,0x0000000053200000]
[error occurred during error reporting (printing stack bounds), id 0xc0000005]

Native frames: (J=compiled Java code, j=interpreted, Vv=VM code, C=native code)


Current CompileTask:
C1:  10514  694   !   3       sun.java2d.SunGraphics2D::validateCompClip (224 bytes)


---------------  P R O C E S S  ---------------

Java Threads: ( => current thread )
  0x0000000055065000 JavaThread "TimerQueue" daemon [_thread_blocked, id=2384, stack(0x0000000055890000,0x0000000055990000)]
  0x0000000001e6d800 JavaThread "DestroyJavaVM" [_thread_blocked, id=2228, stack(0x0000000002330000,0x0000000002430000)]
  0x0000000053893000 JavaThread "AWT-EventQueue-0" [_thread_blocked, id=2160, stack(0x0000000054030000,0x0000000054130000)]
  0x000000005377e000 JavaThread "AWT-Windows" daemon [_thread_in_native, id=2320, stack(0x0000000053bb0000,0x0000000053cb0000)]
  0x000000005377d000 JavaThread "AWT-Shutdown" [_thread_blocked, id=1392, stack(0x0000000053990000,0x0000000053a90000)]
  0x000000005377c000 JavaThread "Java2D Disposer" daemon [_thread_blocked, id=1148, stack(0x0000000053a90000,0x0000000053b90000)]
  0x0000000052551800 JavaThread "Service Thread" daemon [_thread_blocked, id=1180, stack(0x0000000053250000,0x0000000053350000)]
=>0x000000005254e000 JavaThread "C1 CompilerThread1" daemon [_thread_in_native, id=1264, stack(0x0000000053100000,0x0000000053200000)]
  0x00000000524f0000 JavaThread "C2 CompilerThread0" daemon [_thread_blocked, id=1040, stack(0x0000000052e10000,0x0000000052f10000)]
  0x00000000524ee800 JavaThread "Attach Listener" daemon [_thread_blocked, id=1660, stack(0x0000000052b40000,0x0000000052c40000)]
  0x00000000524ee000 JavaThread "Signal Dispatcher" daemon [_thread_blocked, id=872, stack(0x0000000052d00000,0x0000000052e00000)]
  0x0000000001d9a800 JavaThread "Finalizer" daemon [_thread_blocked, id=2356, stack(0x0000000052a20000,0x0000000052b20000)]
  0x0000000001d99000 JavaThread "Reference Handler" daemon [_thread_blocked, id=1468, stack(0x00000000528c0000,0x00000000529c0000)]

Other Threads:
  0x0000000001d90000 VMThread [stack: 0x0000000052780000,0x0000000052880000] [id=1872]
  0x0000000052559800 WatcherThread [stack: 0x00000000533f0000,0x00000000534f0000] [id=1972]

VM state:not at safepoint (normal execution)

VM Mutex/Monitor currently owned by a thread: None

Heap:
 def new generation   total 9792K, used 6406K [0x00000000e0000000, 0x00000000e0aa0000, 0x00000000eaaa0000)
  eden space 8704K,  73% used [0x00000000e0000000, 0x00000000e0641b20, 0x00000000e0880000)
  from space 1088K,   0% used [0x00000000e0880000, 0x00000000e0880000, 0x00000000e0990000)
  to   space 1088K,   0% used [0x00000000e0990000, 0x00000000e0990000, 0x00000000e0aa0000)
 tenured generation   total 21888K, used 0K [0x00000000eaaa0000, 0x00000000ec000000, 0x0000000100000000)
   the space 21888K,   0% used [0x00000000eaaa0000, 0x00000000eaaa0000, 0x00000000eaaa0200, 0x00000000ec000000)
 Metaspace       used 12317K, capacity 12542K, committed 12800K, reserved 1060864K
  class space    used 1612K, capacity 1707K, committed 1792K, reserved 1048576K

Card table byte_map: [0x0000000011ac0000,0x0000000011bd0000] byte_map_base: 0x00000000113c0000

Polling page: 0x0000000000320000

CodeCache: size=245760Kb used=2542Kb max_used=2542Kb free=243217Kb
 bounds [0x0000000002700000, 0x0000000002980000, 0x0000000011700000]
 total_blobs=1188 nmethods=693 adapters=408
 compilation: enabled

Compilation events (10 events):
Event: 9.475 Thread 0x000000005254e000 nmethod 689 0x000000000297a750 code [0x000000000297a8e0, 0x000000000297aef0]
Event: 9.475 Thread 0x000000005254e000  690       3       sun.java2d.SurfaceData::pixelFor (13 bytes)
Event: 9.475 Thread 0x000000005254e000 nmethod 690 0x000000000297b090 code [0x000000000297b200, 0x000000000297b500]
Event: 9.475 Thread 0x000000005254e000  691       3       sun.awt.image.PixelConverter$Xrgb::rgbToPixel (2 bytes)
Event: 9.475 Thread 0x000000005254e000 nmethod 691 0x000000000297b650 code [0x000000000297b7a0, 0x000000000297b8f0]
Event: 9.977 Thread 0x000000005254e000  692       3       javax.swing.text.View::getContainer (18 bytes)
Event: 9.977 Thread 0x000000005254e000 nmethod 692 0x000000000297b950 code [0x000000000297bac0, 0x000000000297bdc0]
Event: 9.977 Thread 0x000000005254e000  693       1       sun.java2d.SurfaceData::getDefaultScale (2 bytes)
Event: 9.977 Thread 0x000000005254e000 nmethod 693 0x000000000297be90 code [0x000000000297bfe0, 0x000000000297c0f0]
Event: 10.479 Thread 0x000000005254e000  694   !   3       sun.java2d.SunGraphics2D::validateCompClip (224 bytes)

GC Heap History (0 events):
No events

Deoptimization events (5 events):
Event: 0.420 Thread 0x0000000001e6d800 Uncommon trap: reason=null_check action=make_not_entrant pc=0x000000000288a4a8 method=java.lang.String.equals(Ljava/lang/Object;)Z @ 8
Event: 0.955 Thread 0x0000000001e6d800 Uncommon trap: reason=class_check action=maybe_recompile pc=0x00000000028a0418 method=java.lang.String.equals(Ljava/lang/Object;)Z @ 8
Event: 0.955 Thread 0x0000000001e6d800 Uncommon trap: reason=class_check action=maybe_recompile pc=0x00000000028a0418 method=java.lang.String.equals(Ljava/lang/Object;)Z @ 8
Event: 0.956 Thread 0x0000000001e6d800 Uncommon trap: reason=class_check action=maybe_recompile pc=0x00000000028a0418 method=java.lang.String.equals(Ljava/lang/Object;)Z @ 8
Event: 0.956 Thread 0x0000000001e6d800 Uncommon trap: reason=class_check action=maybe_recompile pc=0x00000000028a0418 method=java.lang.String.equals(Ljava/lang/Object;)Z @ 8

Internal exceptions (10 events):
Event: 0.126 Thread 0x0000000001e6d800 Exception <a 'java/io/FileNotFoundException'> (0x00000000e0058eb0) thrown at [C:\re\workspace\8-2-build-windows-amd64-cygwin\jdk8u131\8869\hotspot\src\share\vm\prims\jni.cpp, line 709]
Event: 0.157 Thread 0x0000000001e6d800 Exception <a 'java/security/PrivilegedActionException'> (0x00000000e00ae980) thrown at [C:\re\workspace\8-2-build-windows-amd64-cygwin\jdk8u131\8869\hotspot\src\share\vm\prims\jvm.cpp, line 1390]
Event: 0.157 Thread 0x0000000001e6d800 Exception <a 'java/security/PrivilegedActionException'> (0x00000000e00aeb90) thrown at [C:\re\workspace\8-2-build-windows-amd64-cygwin\jdk8u131\8869\hotspot\src\share\vm\prims\jvm.cpp, line 1390]
Event: 0.160 Thread 0x0000000001e6d800 Exception <a 'java/security/PrivilegedActionException'> (0x00000000e00b2800) thrown at [C:\re\workspace\8-2-build-windows-amd64-cygwin\jdk8u131\8869\hotspot\src\share\vm\prims\jvm.cpp, line 1390]
Event: 0.160 Thread 0x0000000001e6d800 Exception <a 'java/security/PrivilegedActionException'> (0x00000000e00b2a10) thrown at [C:\re\workspace\8-2-build-windows-amd64-cygwin\jdk8u131\8869\hotspot\src\share\vm\prims\jvm.cpp, line 1390]
Event: 0.178 Thread 0x0000000001e6d800 Exception <a 'java/io/FileNotFoundException'> (0x00000000e00b58d0) thrown at [C:\re\workspace\8-2-build-windows-amd64-cygwin\jdk8u131\8869\hotspot\src\share\vm\prims\jni.cpp, line 709]
Event: 0.259 Thread 0x0000000001e6d800 Exception <a 'java/lang/NoSuchFieldError': method resolution failed> (0x00000000e0182fc8) thrown at [C:\re\workspace\8-2-build-windows-amd64-cygwin\jdk8u131\8869\hotspot\src\share\vm\prims\methodHandles.cpp, line 1146]
Event: 0.268 Thread 0x0000000001e6d800 Exception <a 'java/lang/NoSuchFieldError': method resolution failed> (0x00000000e0190448) thrown at [C:\re\workspace\8-2-build-windows-amd64-cygwin\jdk8u131\8869\hotspot\src\share\vm\prims\methodHandles.cpp, line 1146]
Event: 0.317 Thread 0x0000000001e6d800 Exception <a 'java/io/FileNotFoundException'> (0x00000000e0225108) thrown at [C:\re\workspace\8-2-build-windows-amd64-cygwin\jdk8u131\8869\hotspot\src\share\vm\prims\jni.cpp, line 709]
Event: 0.420 Thread 0x0000000001e6d800 Implicit null exception at 0x000000000288a2d2 to 0x000000000288a499

Events (10 events):
Event: 1.912 loading class java/awt/event/MouseWheelEvent
Event: 1.912 loading class java/awt/event/MouseWheelEvent done
Event: 1.912 loading class java/awt/AWTEvent$2
Event: 1.912 loading class java/awt/AWTEvent$2 done
Event: 1.912 loading class sun/reflect/UnsafeBooleanFieldAccessorImpl
Event: 1.912 loading class sun/reflect/UnsafeBooleanFieldAccessorImpl done
Event: 3.036 loading class java/awt/LightweightDispatcher$2
Event: 3.037 loading class java/awt/LightweightDispatcher$2 done
Event: 4.174 Executing VM operation: EnableBiasedLocking
Event: 4.175 Executing VM operation: EnableBiasedLocking done


Dynamic libraries:
0x000000013fcf0000 - 0x000000013fd27000 	C:\Program Files\Java\jre1.8.0_131\bin\javaw.exe
0x0000000077060000 - 0x0000000077209000 	C:\Windows\SYSTEM32\ntdll.dll
0x0000000076e40000 - 0x0000000076f5f000 	C:\Windows\system32\kernel32.dll
0x000007fefd170000 - 0x000007fefd1db000 	C:\Windows\system32\KERNELBASE.dll
0x000007fefe420000 - 0x000007fefe4fb000 	C:\Windows\system32\ADVAPI32.dll
0x000007fefd730000 - 0x000007fefd7cf000 	C:\Windows\system32\msvcrt.dll
0x000007fefd7e0000 - 0x000007fefd7ff000 	C:\Windows\SYSTEM32\sechost.dll
0x000007fefd260000 - 0x000007fefd38d000 	C:\Windows\system32\RPCRT4.dll
0x0000000076f60000 - 0x000000007705a000 	C:\Windows\system32\USER32.dll
0x000007fefd6c0000 - 0x000007fefd727000 	C:\Windows\system32\GDI32.dll
0x000007feff330000 - 0x000007feff33e000 	C:\Windows\system32\LPK.dll
0x000007fefdaa0000 - 0x000007fefdb69000 	C:\Windows\system32\USP10.dll
0x000007fefb480000 - 0x000007fefb674000 	C:\Windows\WinSxS\amd64_microsoft.windows.common-controls_6595b64144ccf1df_6.0.7601.17514_none_fa396087175ac9ac\COMCTL32.dll
0x000007fefd1e0000 - 0x000007fefd251000 	C:\Windows\system32\SHLWAPI.dll
0x000007feff340000 - 0x000007feff36e000 	C:\Windows\system32\IMM32.DLL
0x000007fefe130000 - 0x000007fefe239000 	C:\Windows\system32\MSCTF.dll
0x000000006a670000 - 0x000000006a742000 	C:\Program Files\Java\jre1.8.0_131\bin\msvcr100.dll
0x0000000074060000 - 0x00000000748fc000 	C:\Program Files\Java\jre1.8.0_131\bin\server\jvm.dll
0x000007fef3db0000 - 0x000007fef3db9000 	C:\Windows\system32\WSOCK32.dll
0x000007fefe240000 - 0x000007fefe28d000 	C:\Windows\system32\WS2_32.dll
0x000007fefd7d0000 - 0x000007fefd7d8000 	C:\Windows\system32\NSI.dll
0x000007fef9b60000 - 0x000007fef9b9b000 	C:\Windows\system32\WINMM.dll
0x000007fefc230000 - 0x000007fefc23c000 	C:\Windows\system32\VERSION.dll
0x0000000077230000 - 0x0000000077237000 	C:\Windows\system32\PSAPI.DLL
0x0000000074040000 - 0x000000007404f000 	C:\Program Files\Java\jre1.8.0_131\bin\verify.dll
0x0000000074010000 - 0x0000000074039000 	C:\Program Files\Java\jre1.8.0_131\bin\java.dll
0x0000000073ff0000 - 0x0000000074006000 	C:\Program Files\Java\jre1.8.0_131\bin\zip.dll
0x000007fefe500000 - 0x000007feff288000 	C:\Windows\system32\SHELL32.dll
0x000007fefdb70000 - 0x000007fefdd73000 	C:\Windows\system32\ole32.dll
0x000007fefce30000 - 0x000007fefce3f000 	C:\Windows\system32\profapi.dll
0x000000006a4d0000 - 0x000000006a668000 	C:\Program Files\Java\jre1.8.0_131\bin\awt.dll
0x000007fefd5e0000 - 0x000007fefd6b7000 	C:\Windows\system32\OLEAUT32.dll
0x000007fefaee0000 - 0x000007fefaef8000 	C:\Windows\system32\DWMAPI.DLL
0x000007fef48c0000 - 0x000007fef49dd000 	C:\Windows\system32\opengl32.dll
0x000007fef6430000 - 0x000007fef645d000 	C:\Windows\system32\GLU32.dll
0x000007fef3cb0000 - 0x000007fef3da1000 	C:\Windows\system32\DDRAW.dll
0x000007fefb8f0000 - 0x000007fefb8f8000 	C:\Windows\system32\DCIMAN32.dll
0x000007fefd8c0000 - 0x000007fefda97000 	C:\Windows\system32\SETUPAPI.dll
0x000007fefd120000 - 0x000007fefd156000 	C:\Windows\system32\CFGMGR32.dll
0x000007fefd0b0000 - 0x000007fefd0ca000 	C:\Windows\system32\DEVOBJ.dll
0x000007fefb830000 - 0x000007fefb886000 	C:\Windows\system32\uxtheme.dll
0x000007fefcc80000 - 0x000007fefcc8f000 	C:\Windows\system32\CRYPTBASE.dll
0x0000000072030000 - 0x0000000072077000 	C:\Program Files\Java\jre1.8.0_131\bin\fontmanager.dll
0x0000000073e50000 - 0x0000000073e6a000 	C:\Program Files\Java\jre1.8.0_131\bin\net.dll
0x000007fefc5c0000 - 0x000007fefc615000 	C:\Windows\system32\mswsock.dll
0x000007fefc5b0000 - 0x000007fefc5b7000 	C:\Windows\System32\wship6.dll
0x0000000073e30000 - 0x0000000073e41000 	C:\Program Files\Java\jre1.8.0_131\bin\nio.dll
0x000000006b050000 - 0x000000006b092000 	C:\Program Files\Java\jre1.8.0_131\bin\t2k.dll
0x000007feff290000 - 0x000007feff329000 	C:\Windows\system32\CLBCatQ.DLL
0x000007fefad30000 - 0x000007fefae91000 	C:\Windows\system32\WindowsCodecs.dll
0x000007fefcc20000 - 0x000007fefcc77000 	C:\Windows\system32\apphelp.dll
0x000007fef8f00000 - 0x000007fef913b000 	C:\PROGRA~1\MICROS~1\Office15\GROOVEEX.DLL
0x0000000072d30000 - 0x0000000072dc8000 	C:\Windows\system32\MSVCP100.dll
0x0000000072d00000 - 0x0000000072d2b000 	C:\Windows\system32\ATL100.DLL
0x000007fef8be0000 - 0x000007fef8ef6000 	C:\Windows\system32\msi.dll
0x000007fef8090000 - 0x000007fef86d7000 	C:\PROGRA~1\MICROS~1\Office15\1036\GrooveIntlResource.dll
0x000007fef8050000 - 0x000007fef8085000 	C:\Windows\system32\EhStorShell.dll
0x000007fefb680000 - 0x000007fefb7ac000 	C:\Windows\system32\PROPSYS.dll
0x000007fef7fd0000 - 0x000007fef804e000 	C:\Windows\System32\cscui.dll
0x000007fef7fc0000 - 0x000007fef7fcc000 	C:\Windows\System32\CSCDLL.dll
0x000007fef7fb0000 - 0x000007fef7fbf000 	C:\Windows\system32\CSCAPI.dll
0x000007fef7f30000 - 0x000007fef7fb0000 	C:\Windows\system32\ntshrui.dll
0x000007fefc980000 - 0x000007fefc9a3000 	C:\Windows\system32\srvcli.dll
0x000007fefaf80000 - 0x000007fefaf8b000 	C:\Windows\system32\slc.dll

VM Arguments:
jvm_args: -Dfile.encoding=Cp1252 
java_command: MaFenetre
java_class_path (initial): C:\Users\iut\workspace_java\TP1_java_swing\bin
Launcher Type: SUN_STANDARD

Environment Variables:
PATH=C:/Program Files/Java/jre1.8.0_131/bin/server;C:/Program Files/Java/jre1.8.0_131/bin;C:/Program Files/Java/jre1.8.0_131/lib/amd64;C:\ProgramData\Oracle\Java\javapath;C:\Windows\system32;C:\Windows;C:\Windows\System32\Wbem;C:\Windows\System32\WindowsPowerShell\v1.0\;C:\Program Files\Microsoft SQL Server\110\Tools\Binn\;C:\Program Files (x86)\nodejs\;c:\Program Files (x86)\Microsoft SQL Server\90\Tools\binn\;C:\Program Files\Git\cmd;C:\Users\iut\AppData\Roaming\npm;C:\Program Files\Java\jdk1.8.0_131\bin;C:\MinGW\bin;C:\Program Files\eclipse-jee-neon-3-win32-x86_64;
USERNAME=iut
OS=Windows_NT
PROCESSOR_IDENTIFIER=Intel64 Family 6 Model 42 Stepping 7, GenuineIntel



---------------  S Y S T E M  ---------------

OS: Windows 7 , 64 bit Build 7601 (6.1.7601.18015)

CPU:total 1 (initial active 1) (1 cores per cpu, 1 threads per core) family 6 model 42 stepping 7, cmov, cx8, fxsr, mmx, sse, sse2, sse3, ssse3, sse4.1, sse4.2, popcnt, avx, aes, clmul, tsc, tscinvbit

Memory: 4k page, physical 2096696k(157512k free), swap 2096696k(5008k free)

vm_info: Java HotSpot(TM) 64-Bit Server VM (25.131-b11) for windows-amd64 JRE (1.8.0_131-b11), built on Mar 15 2017 01:23:53 by "java_re" with MS VC++ 10.0 (VS2010)

time: Wed Mar 21 15:23:15 2018
elapsed time: 10 seconds (0d 0h 0m 10s)

